#############################
# TIBERO environment variable
#############################
#### SHELL
stty erase ^H
export PS1=[\\u"@"\\h" "\\W]\$" "
export EDITOR=vim

#### JAVA
#export JAVA_HOME=

#### SINGLE
export TB_SID=testdb
export TB_HOME=/tibero/tibero6/database

### TIBERO General
export TB_PROF_DIR=$TB_HOME/bin/prof
export LD_LIBRARY_PATH=$TB_HOME/lib:$TB_HOME/client/lib
export LIBPATH=$LD_LIBRARY_PATH
export SHLIB_PATH=$LD_LIBRARY_PATH
export PATH=$PATH:$TB_HOME/bin:$TB_HOME/client/bin:$JAVA_HOME/bin

#### TIBERO Alias
alias tbhome='cd $TB_HOME'
alias tbbin='cd $TB_HOME/bin'
alias tblog='cd $TB_HOME/instance/$TB_SID/log'
alias tbcfg='cd $TB_HOME/config'
alias tbcfgv='vi $TB_HOME/config/$TB_SID.tip'
alias tbcli='cd $TB_HOME/client/config'
alias tbcliv='vi $TB_HOME/client/config/tbdsn.tbr'
alias tm='$HOME/tbinary/monitor/monitor'
alias tbi='cd $HOME/tbinary'
#############################
# TIBERO CM environment variable
#############################

### TIBERO General
export TB_PROF_DIR=$TB_HOME/bin/prof
export LD_LIBRARY_PATH=$TB_HOME/lib:$TB_HOME/client/lib
export LIBPATH=$LD_LIBRARY_PATH
export SHLIB_PATH=$LD_LIBRARY_PATH
export PATH=$PATH:$TB_HOME/bin:$TB_HOME/client/bin:$JAVA_HOME/bin
############ TIBERO genernal
#### Must
DB_NAME=testdb
LISTENER_PORT=8629
CONTROL_FILES=/tibero/tibero6/database/tbctl1/c1.ctl,/tibero/tibero6/database/tbctl2/c2.ctl
DB_CREATE_FILE_DEST=/tibero/tibero6/database/tbdata
LOG_ARCHIVE_DEST=/tibero/tibero6/database/tbarch
MAX_SESSION_COUNT=100
TOTAL_SHM_SIZE=2G
MEMORY_TARGET=4G

############ TFT Parameters
#### Must
USE_TS_QUOTA=N
AUTHENTICATION_TIMEOUT=100
DBLINK_CONN_TIMEOUT=100
TPR_SNAPSHOT_RETENTION=30
TPR_SNAPSHOT_TOP_SQL_CNT=10
GATHER_SQL_EXEC_TIME=Y
GATHER_SQL_PLAN_STAT=Y
SLOG_TOTAL_SIZE_LIMIT=1G
_SLOG_DISPLAY_YEAR=Y
AUDIT_SYS_OPERATIONS=Y
AUDIT_TRAIL=OS

#### Recommand
#BOOT_WITH_AUTO_DOWN_CLEAN=Y
#USE_RECYCLEBIN=Y
#ACT_LOG_DEST=
#LOG_DEFAULT_DEST=
#CALLSTACK_DUMP_DEST=


testdb=(
  (INSTANCE=(HOST=localhost)
  (PORT=8629)
  (DB_NAME=testdb)
  )
)
single
