[3;J[H[2J[*] Installation configuration
-----------------------------------------------------------------
 * Installation mode
-----------------------------------------------------------------
 - tibero type : SINGLE
 - tibero node : SINGLE
-----------------------------------------------------------------
 * OS Configuration
-----------------------------------------------------------------
 - install user: root
 - user name : tibero
 - user home : /tibero
 - user group : dba
-----------------------------------------------------------------
 * Database Configuration
-----------------------------------------------------------------
 - TB_SID : testdb
 - TB_HOME : /tibero/tibero6
 - DB_NAME : testdb
 - LISTENER_PORT : 8629
 - CHARACTER SET : UTF8
 - ARCHIVE MODE : ARCHIVELOG
-----------------------------------------------------------------
 * FILE PATH Configuration
-----------------------------------------------------------------
 - USER_HOME PATH : /tibero
 - TBINARY PATH : /tibero/tbinary
 - TB_HOME PATH : /tibero/tibero6
 - CONTROL1_FILE : /tibero/tibero6/database/tbctl1/c1.ctl
 - CONTROL2_FILE : /tibero/tibero6/database/tbctl2/c2.ctl
 - DB_CREATE_FILE : /tibero/tibero6/database/tbdata
 - LOG_ARCHIVE_DEST : /tibero/tibero6/database/tbarch
-----------------------------------------------------------------
 * CREATE DATABASE sql
-----------------------------------------------------------------
CREATE DATABASE 
USER sys IDENTIFIED BY 'tibero' 
MAXDATAFILES 256
CHARACTER SET UTF8
LOGFILE 
GROUP 0 ('system/redo001.redo','system/redo002.redo') SIZE 30M,
GROUP 1 ('system/redo011.redo','system/redo012.redo') SIZE 30M,
GROUP 2 ('system/redo021.redo','system/redo022.redo') SIZE 30M,
GROUP 3 ('system/redo031.redo','system/redo032.redo') SIZE 30M,
GROUP 4 ('system/redo041.redo','system/redo042.redo') SIZE 30M
MAXLOGFILES 100
MAXLOGMEMBERS 8
--MAXARCHIVELOG 500
--MAXLOGHISTORY 500
ARCHIVELOG
    DATAFILE 'system/system001.dtf' SIZE 1G
    UNDO TABLESPACE UNDO0 DATAFILE 'system/undo001.dtf' SIZE 1G
    DEFAULT TEMPORARY TABLESPACE TEMP TEMPFILE 'system/temp001.dtf' SIZE 1G
    DEFAULT TABLESPACE USR DATAFILE 'system/usr001.dtf' SIZE 1G;
-----------------------------------------------------------------

continue ? ( [Y]es / [N]o / [AA] All Auto] ) : 
############################################################
# tbis Progress> Engine
############################################################

 - gunzip ../binary/tibero*.tar.gz
 - tar -xvf ../binary/tibero*.tar -C /tibero/tibero6

  continue ? ( [Y]es / [N]o / [S]kip ) : 

############################################################
# tbis Progress> tbinary
############################################################

 - tar -xvf ../binary/tbinary*.tar -C /tibero

  continue ? ( [Y]es / [N]o / [S]kip ) : 

############################################################
# tbis Progress> license 
############################################################

 - cp ../binary/license.xml /tibero/tibero6/license/license.xml

  continue ? ( [Y]es / [N]o / [S]kip ) : 

############################################################
# tbis Progress> Profile 
############################################################

 - /tibero/.bash_profile apply configuration

  continue ? ( [Y]es / [N]o / [S]kip ) : 

############################################################
# tbis Progress> TB_SID TIP File
############################################################

 - testdb.tip /tibero/tibero6/config/testdb.tip apply configuration

  continue ? ( [Y]es / [N]o / [S]kip ) : 

############################################################
# tbis Progress> TBDSN
############################################################

- tbdsn.tbr: /tibero/tibero6/client/config/tbdsn.tbr

  continue ? ( [Y]es / [N]o / [S]kip ) : 

############################################################
#  tbis Progress> Change Owner
############################################################

 - chown -R tibero:dba /tibero

  continue ? ( [Y]es / [N]o / [S]kip ) : 

############################################################
#  tbis Progress> tbboot
############################################################
# install user : root
# tibero  user : tibero
----------------------------------------------------
 - su - tibero -c "tbboot mount"
----------------------------------------------------

  continue ? ( [Y]es / [N]o / [S]kip ) : 
############################################################
#  tbis Progress> CREATE DATABASE
############################################################

CREATE DATABASE 
USER sys IDENTIFIED BY 'tibero' 
MAXDATAFILES 256
CHARACTER SET UTF8
LOGFILE 
GROUP 0 ('system/redo001.redo','system/redo002.redo') SIZE 30M,
GROUP 1 ('system/redo011.redo','system/redo012.redo') SIZE 30M,
GROUP 2 ('system/redo021.redo','system/redo022.redo') SIZE 30M,
GROUP 3 ('system/redo031.redo','system/redo032.redo') SIZE 30M,
GROUP 4 ('system/redo041.redo','system/redo042.redo') SIZE 30M
MAXLOGFILES 100
MAXLOGMEMBERS 8
--MAXARCHIVELOG 500
--MAXLOGHISTORY 500
ARCHIVELOG
    DATAFILE 'system/system001.dtf' SIZE 1G
    UNDO TABLESPACE UNDO0 DATAFILE 'system/undo001.dtf' SIZE 1G
    DEFAULT TEMPORARY TABLESPACE TEMP TEMPFILE 'system/temp001.dtf' SIZE 1G
    DEFAULT TABLESPACE USR DATAFILE 'system/usr001.dtf' SIZE 1G;

  continue ? ( [Y]es / [N]o / [S]kip ) : 

############################################################
#  tbis Progress> tbboot
############################################################
# install user : root
# tibero  user : tibero
----------------------------------------------------
 - su - tibero -c "tbboot normal"
----------------------------------------------------

  continue ? ( [Y]es / [N]o / [S]kip ) : 
Change core dump dir to /tibero/tibero6/bin/prof.

Tibero 6  

TmaxData Corporation Copyright (c) 2008-. All rights reserved.
Tibero instance started up (NORMAL mode).

############################################################
#  tbis Progress> system.sh
############################################################

sh /tibero/tibero6/scripts/system.sh -p1 tibero -p2 syscat -a1 Y -a2 Y -a3 Y -a4 Y

  continue ? ( [Y]es / [N]o / [S]kip ) : 
AA : N
A: YES
Dropping agent table...
Creating text packages table ...
Creating the role DBA...
Creating system users & roles...
Creating example users...
Creating virtual tables(1)...
Creating virtual tables(2)...
Granting public access to _VT_DUAL...
Creating the system generated sequences...
Creating internal dynamic performance views...
Creating outline table...
Creating system tables related to dbms_job...
Creating system tables related to dbms_lock...
Creating system tables related to scheduler...
Creating system tables related to server_alert...
Creating system tables related to tpm...
Creating system tables related to tsn and timestamp...
Creating system tables related to rsrc...
Creating system tables related to workspacemanager...
Creating system tables related to statistics...
Creating system tables related to mview...
Create system tables related to crypto_system...
Creating system package specifications:
    Running /tibero/tibero6/scripts/pkg/pkg_standard.sql...
    Running /tibero/tibero6/scripts/pkg/pkg_standard_extension.sql...
    Running /tibero/tibero6/scripts/pkg/pkg_clobxmlinterface.sql...
    Running /tibero/tibero6/scripts/pkg/pkg_udt_meta.sql...
    Running /tibero/tibero6/scripts/pkg/pkg_seaf.sql...
    Running /tibero/tibero6/scripts/pkg/anydata.sql...
    Running /tibero/tibero6/scripts/pkg/pkg_dbms_standard.sql...
    Running /tibero/tibero6/scripts/pkg/pkg_db2_standard.sql...
    Running /tibero/tibero6/scripts/pkg/pkg_dbms_application_info.sql...
    Running /tibero/tibero6/scripts/pkg/pkg_dbms_aq.sql...
    Running /tibero/tibero6/scripts/pkg/pkg_dbms_aq_utl.sql...
    Running /tibero/tibero6/scripts/pkg/pkg_dbms_aqadm.sql...
    Running /tibero/tibero6/scripts/pkg/pkg_dbms_assert.sql...
    Running /tibero/tibero6/scripts/pkg/pkg_dbms_crypto.sql...
    Running /tibero/tibero6/scripts/pkg/pkg_dbms_db2_translator.sql...
    Running /tibero/tibero6/scripts/pkg/pkg_dbms_db_version.sql...
    Running /tibero/tibero6/scripts/pkg/pkg_dbms_ddl.sql...
    Running /tibero/tibero6/scripts/pkg/pkg_dbms_debug.sql...
    Running /tibero/tibero6/scripts/pkg/pkg_dbms_debug_jdwp.sql...
    Running /tibero/tibero6/scripts/pkg/pkg_dbms_errlog.sql...
    Running /tibero/tibero6/scripts/pkg/pkg_dbms_expression.sql...
    Running /tibero/tibero6/scripts/pkg/pkg_dbms_fga.sql...
    Running /tibero/tibero6/scripts/pkg/pkg_dbms_flashback.sql...
    Running /tibero/tibero6/scripts/pkg/pkg_dbms_geom.sql...
    Running /tibero/tibero6/scripts/pkg/pkg_dbms_java.sql...
    Running /tibero/tibero6/scripts/pkg/pkg_dbms_job.sql...
    Running /tibero/tibero6/scripts/pkg/pkg_dbms_lob.sql...
    Running /tibero/tibero6/scripts/pkg/pkg_dbms_lock.sql...
    Running /tibero/tibero6/scripts/pkg/pkg_dbms_metadata.sql...
    Running /tibero/tibero6/scripts/pkg/pkg_dbms_mssql_translator.sql...
    Running /tibero/tibero6/scripts/pkg/pkg_dbms_mview.sql...
    Running /tibero/tibero6/scripts/pkg/pkg_dbms_mview_refresh_util.sql...
    Running /tibero/tibero6/scripts/pkg/pkg_dbms_mview_util.sql...
    Running /tibero/tibero6/scripts/pkg/pkg_dbms_obfuscation.sql...
    Running /tibero/tibero6/scripts/pkg/pkg_dbms_output.sql...
    Running /tibero/tibero6/scripts/pkg/pkg_dbms_pipe.sql...
    Running /tibero/tibero6/scripts/pkg/pkg_dbms_random.sql...
    Running /tibero/tibero6/scripts/pkg/pkg_dbms_redefinition.sql...
    Running /tibero/tibero6/scripts/pkg/pkg_dbms_redefinition_stats.sql...
    Running /tibero/tibero6/scripts/pkg/pkg_dbms_repair.sql...
    Running /tibero/tibero6/scripts/pkg/pkg_dbms_result_cache.sql...
    Running /tibero/tibero6/scripts/pkg/pkg_dbms_rls.sql...
    Running /tibero/tibero6/scripts/pkg/pkg_dbms_rowid.sql...
    Running /tibero/tibero6/scripts/pkg/pkg_dbms_rsrc.sql...
    Running /tibero/tibero6/scripts/pkg/pkg_dbms_scheduler.sql...
    Running /tibero/tibero6/scripts/pkg/pkg_dbms_session.sql...
    Running /tibero/tibero6/scripts/pkg/pkg_dbms_space.sql...
    Running /tibero/tibero6/scripts/pkg/pkg_dbms_space_admin.sql...
    Running /tibero/tibero6/scripts/pkg/pkg_dbms_sph.sql...
    Running /tibero/tibero6/scripts/pkg/pkg_dbms_sql.sql...
    Running /tibero/tibero6/scripts/pkg/pkg_dbms_sql_analyze.sql...
    Running /tibero/tibero6/scripts/pkg/pkg_dbms_sql_translator.sql...
    Running /tibero/tibero6/scripts/pkg/pkg_dbms_sqltune.sql...
    Running /tibero/tibero6/scripts/pkg/pkg_dbms_stats.sql...
    Running /tibero/tibero6/scripts/pkg/pkg_dbms_stats_util.sql...
    Running /tibero/tibero6/scripts/pkg/pkg_dbms_system.sql...
    Running /tibero/tibero6/scripts/pkg/pkg_dbms_transaction.sql...
    Running /tibero/tibero6/scripts/pkg/pkg_dbms_types.sql...
    Running /tibero/tibero6/scripts/pkg/pkg_dbms_utility.sql...
    Running /tibero/tibero6/scripts/pkg/pkg_dbms_utl_tb.sql...
    Running /tibero/tibero6/scripts/pkg/pkg_dbms_verify.sql...
    Running /tibero/tibero6/scripts/pkg/pkg_dbms_xmldom.sql...
    Running /tibero/tibero6/scripts/pkg/pkg_dbms_xmlgen.sql...
    Running /tibero/tibero6/scripts/pkg/pkg_dbms_xmlquery.sql...
    Running /tibero/tibero6/scripts/pkg/pkg_dbms_xplan.sql...
    Running /tibero/tibero6/scripts/pkg/pkg_dg_cipher.sql...
    Running /tibero/tibero6/scripts/pkg/pkg_htf.sql...
    Running /tibero/tibero6/scripts/pkg/pkg_htp.sql...
    Running /tibero/tibero6/scripts/pkg/pkg_psm_sql_result_cache.sql...
    Running /tibero/tibero6/scripts/pkg/pkg_sys_util.sql...
    Running /tibero/tibero6/scripts/pkg/pkg_tb_utility.sql...
    Running /tibero/tibero6/scripts/pkg/pkg_text.sql...
    Running /tibero/tibero6/scripts/pkg/pkg_tudiconst.sql...
    Running /tibero/tibero6/scripts/pkg/pkg_utl_encode.sql...
    Running /tibero/tibero6/scripts/pkg/pkg_utl_file.sql...
    Running /tibero/tibero6/scripts/pkg/pkg_utl_tcp.sql...
    Running /tibero/tibero6/scripts/pkg/pkg_utl_http.sql...
    Running /tibero/tibero6/scripts/pkg/pkg_utl_url.sql...
    Running /tibero/tibero6/scripts/pkg/pkg_utl_i18n.sql...
    Running /tibero/tibero6/scripts/pkg/pkg_utl_match.sql...
    Running /tibero/tibero6/scripts/pkg/pkg_utl_raw.sql...
    Running /tibero/tibero6/scripts/pkg/pkg_utl_smtp.sql...
    Running /tibero/tibero6/scripts/pkg/pkg_utl_str.sql...
    Running /tibero/tibero6/scripts/pkg/pkg_utl_compress.sql...
    Running /tibero/tibero6/scripts/pkg/pkg_text_japanese_lexer.sql...
    Running /tibero/tibero6/scripts/pkg/pkg_dbms_tpm.sql...
    Running /tibero/tibero6/scripts/pkg/pkg_utl_recomp.sql...
    Running /tibero/tibero6/scripts/pkg/pkg_dbms_monitor.sql...
    Running /tibero/tibero6/scripts/pkg/pkg_dbms_server_alert.sql...
    Running /tibero/tibero6/scripts/pkg/pkg_dbms_ctx_ddl.sql...
    Running /tibero/tibero6/scripts/pkg/pkg_dbms_odci.sql...
    Running /tibero/tibero6/scripts/pkg/pkg_utl_ref.sql...
    Running /tibero/tibero6/scripts/pkg/pkg_owa_util.sql...
    Running /tibero/tibero6/scripts/pkg/pkg_dbms_alert.sql...
    Running /tibero/tibero6/scripts/pkg/pkg_client_internal.sql...
    Running /tibero/tibero6/scripts/pkg/pkg_dbms_xslprocessor.sql...
    Running /tibero/tibero6/scripts/pkg/uda_wm_concat.sql...
    Running /tibero/tibero6/scripts/pkg/pkg_diutil.sql...
    Running /tibero/tibero6/scripts/pkg/pkg_dbms_xmlsave.sql...
    Running /tibero/tibero6/scripts/pkg/pkg_dbms_xmlparser.sql...
    Running /tibero/tibero6/scripts/pkg/pkg_utl_of.sql...
Creating auxiliary tables used in static views...
Creating system tables related to profile...
Creating internal system tables...
Check TPR status..
Stop TPR
Dropping tables used in TPR...
Creating auxiliary tables used in TPR...
Creating static views...
Creating static view descriptions...
Creating objects for sph:
    Running /tibero/tibero6/scripts/iparam_desc_gen.sql...
Creating dynamic performance views...
Creating dynamic performance view descriptions...
Creating package bodies:
    Running /tibero/tibero6/scripts/pkg/_pkg_db2_standard.tbw...
    Running /tibero/tibero6/scripts/pkg/_pkg_dbms_aq.tbw...
    Running /tibero/tibero6/scripts/pkg/_pkg_dbms_aq_utl.tbw...
    Running /tibero/tibero6/scripts/pkg/_pkg_dbms_aqadm.tbw...
    Running /tibero/tibero6/scripts/pkg/_pkg_dbms_assert.tbw...
    Running /tibero/tibero6/scripts/pkg/_pkg_dbms_db2_translator.tbw...
    Running /tibero/tibero6/scripts/pkg/_pkg_dbms_errlog.tbw...
    Running /tibero/tibero6/scripts/pkg/_pkg_dbms_metadata.tbw...
    Running /tibero/tibero6/scripts/pkg/_pkg_dbms_mssql_translator.tbw...
    Running /tibero/tibero6/scripts/pkg/_pkg_dbms_mview.tbw...
    Running /tibero/tibero6/scripts/pkg/_pkg_dbms_mview_refresh_util.tbw...
    Running /tibero/tibero6/scripts/pkg/_pkg_dbms_mview_util.tbw...
    Running /tibero/tibero6/scripts/pkg/_pkg_dbms_redefinition_stats.tbw...
    Running /tibero/tibero6/scripts/pkg/_pkg_dbms_rsrc.tbw...
    Running /tibero/tibero6/scripts/pkg/_pkg_dbms_scheduler.tbw...
    Running /tibero/tibero6/scripts/pkg/_pkg_dbms_session.tbw...
    Running /tibero/tibero6/scripts/pkg/_pkg_dbms_sph.tbw...
    Running /tibero/tibero6/scripts/pkg/_pkg_dbms_sql_analyze.tbw...
    Running /tibero/tibero6/scripts/pkg/_pkg_dbms_sql_translator.tbw...
    Running /tibero/tibero6/scripts/pkg/_pkg_dbms_sqltune.tbw...
    Running /tibero/tibero6/scripts/pkg/_pkg_dbms_stats.tbw...
    Running /tibero/tibero6/scripts/pkg/_pkg_dbms_stats_util.tbw...
    Running /tibero/tibero6/scripts/pkg/_pkg_dbms_utility.tbw...
    Running /tibero/tibero6/scripts/pkg/_pkg_dbms_utl_tb.tbw...
    Running /tibero/tibero6/scripts/pkg/_pkg_dbms_verify.tbw...
    Running /tibero/tibero6/scripts/pkg/_pkg_dbms_workspacemanager.tbw...
    Running /tibero/tibero6/scripts/pkg/_pkg_dbms_xmlgen.tbw...
    Running /tibero/tibero6/scripts/pkg/_pkg_dbms_xplan.tbw...
    Running /tibero/tibero6/scripts/pkg/_pkg_dg_cipher.tbw...
    Running /tibero/tibero6/scripts/pkg/_pkg_htf.tbw...
    Running /tibero/tibero6/scripts/pkg/_pkg_htp.tbw...
    Running /tibero/tibero6/scripts/pkg/_pkg_text.tbw...
    Running /tibero/tibero6/scripts/pkg/_pkg_utl_http.tbw...
    Running /tibero/tibero6/scripts/pkg/_pkg_utl_url.tbw...
    Running /tibero/tibero6/scripts/pkg/_pkg_utl_i18n.tbw...
    Running /tibero/tibero6/scripts/pkg/_pkg_utl_smtp.tbw...
    Running /tibero/tibero6/scripts/pkg/_pkg_text_japanese_lexer.tbw...
    Running /tibero/tibero6/scripts/pkg/_pkg_dbms_tpm.tbw...
    Running /tibero/tibero6/scripts/pkg/_pkg_utl_recomp.tbw...
    Running /tibero/tibero6/scripts/pkg/_pkg_dbms_server_alert.tbw...
    Running /tibero/tibero6/scripts/pkg/_pkg_dbms_xslprocessor.tbw...
    Running /tibero/tibero6/scripts/pkg/_uda_wm_concat.tbw...
    Running /tibero/tibero6/scripts/pkg/_pkg_dbms_xmlparser.tbw...
Creating public synonyms for system packages...
Creating remaining public synonyms for system packages...
Registering dbms_stats job to Job Scheduler...
Creating audit event pacakge...
    Running /tibero/tibero6/scripts/pkg/_pkg_dbms_audit_event.tbw...
Creating packages for TPR...
    Running /tibero/tibero6/scripts/pkg/pkg_dbms_tpr.sql...
    Running /tibero/tibero6/scripts/pkg/_pkg_dbms_tpr.tbw...
    Running /tibero/tibero6/scripts/pkg/_pkg_dbms_apm.tbw...
Start TPR
Create tudi interface
    Running /tibero/tibero6/scripts/odci.sql...
Creating spatial meta tables and views ...
Creating internal system jobs...
Creating Japanese Lexer epa source ...
Creating internal system notice queue ...
Creating sql translator profiles ...
Creating agent table...
Done.
For details, check /tibero/tibero6/instance/testdb/log/system_init.log.

############################################################
# tbis Progress> tbis installation check
############################################################

  continue ? ( [Y]es / [N]o / [S]kip ) : 
tibero    20791      1  0 14:28 ?        00:00:00 tbsvr          -t normal -SVR_SID testdb
tibero    20793  20791  0 14:28 ?        00:00:00 tbsvr_MGWP     -t normal -SVR_SID testdb
tibero    20794  20791 39 14:28 ?        00:00:13 tbsvr_FGWP000  -t normal -SVR_SID testdb
tibero    20795  20791  0 14:28 ?        00:00:00 tbsvr_FGWP001  -t normal -SVR_SID testdb
tibero    20796  20791  0 14:28 ?        00:00:00 tbsvr_FGWP002  -t normal -SVR_SID testdb
tibero    20797  20791  0 14:28 ?        00:00:00 tbsvr_FGWP003  -t normal -SVR_SID testdb
tibero    20798  20791  0 14:28 ?        00:00:00 tbsvr_FGWP004  -t normal -SVR_SID testdb
tibero    20799  20791  0 14:28 ?        00:00:00 tbsvr_FGWP005  -t normal -SVR_SID testdb
tibero    20800  20791  0 14:28 ?        00:00:00 tbsvr_FGWP006  -t normal -SVR_SID testdb
tibero    20801  20791  0 14:28 ?        00:00:00 tbsvr_FGWP007  -t normal -SVR_SID testdb
tibero    20802  20791  0 14:28 ?        00:00:00 tbsvr_FGWP008  -t normal -SVR_SID testdb
tibero    20803  20791  0 14:28 ?        00:00:00 tbsvr_FGWP009  -t normal -SVR_SID testdb
tibero    20804  20791  0 14:28 ?        00:00:00 tbsvr_PEWP000  -t normal -SVR_SID testdb
tibero    20805  20791  0 14:28 ?        00:00:00 tbsvr_PEWP001  -t normal -SVR_SID testdb
tibero    20806  20791  0 14:28 ?        00:00:00 tbsvr_PEWP002  -t normal -SVR_SID testdb
tibero    20807  20791  0 14:28 ?        00:00:00 tbsvr_PEWP003  -t normal -SVR_SID testdb
tibero    20808  20791  0 14:28 ?        00:00:00 tbsvr_AGNT     -t normal -SVR_SID testdb
tibero    20809  20791  7 14:28 ?        00:00:02 tbsvr_DBWR     -t normal -SVR_SID testdb
tibero    20810  20791  0 14:28 ?        00:00:00 tbsvr_RCWP     -t normal -SVR_SID testdb

합계 8
drwxr-xr-x. 8 tibero dba   79  9월 19 14:22 client
drwxr-xr-x. 3 tibero dba  250  9월 19 14:22 lib
drwxr-xr-x. 3 tibero dba   22  9월 19 14:22 nls
drwxr-xr-x. 3 tibero dba   45  9월 19 14:22 license
drwxr-xr-x. 2 tibero dba  188  9월 19 14:22 config
drwxr-xr-x. 3 tibero dba   20  9월 19 14:27 instance
drwxr-xr-x. 4 tibero dba 4096  9월 19 14:27 bin
drwxr-xr-x. 3 tibero dba 4096  9월 19 14:28 scripts
drwxr-xr-x. 6 tibero dba   62  9월 19 14:28 database
합계 10244
drwxr-xr-x. 2 tibero dba     4096  9월 19 14:27 system
drwx------. 2 tibero dba        6  9월 19 14:28 java
-rw-------. 1 tibero dba 10485760  9월 19 14:29 tpr_ts.dtf
-rw-------. 1 tibero dba 23150592  9월 19 14:29 /tibero/tibero6/database/tbctl1/c1.ctl
-rw-------. 1 tibero dba 23150592  9월 19 14:29 /tibero/tibero6/database/tbctl2/c2.ctl
합계 30720
-rw-------. 1 tibero dba 31457280  9월 19 14:28 log-t0-r0-s1.arc


############################################################
#  tbis Progress> tbdown
############################################################
# install user : root
# tibero  user : tibero
----------------------------------------------------
 - su - tibero -c "tbdown immediate"
----------------------------------------------------

  continue ? ( [Y]es / [N]o / [S]kip ) : 
tbdown failed to receive reply.
