[3;J[H[2J[*] Installation configuration
-----------------------------------------------------------------
 * Installation mode
-----------------------------------------------------------------
 - tibero type : SINGLE
 - tibero node : SINGLE
-----------------------------------------------------------------
 * OS Configuration
-----------------------------------------------------------------
 - install user: root
 - user name : tibero
 - user home : /tibero
 - user group : dba
-----------------------------------------------------------------
 * Database Configuration
-----------------------------------------------------------------
 - TB_SID : testdb
 - TB_HOME : /tibero/tibero6
 - DB_NAME : testdb
 - LISTENER_PORT : 8629
 - CHARACTER SET : UTF8
 - ARCHIVE MODE : ARCHIVELOG
-----------------------------------------------------------------
 * FILE PATH Configuration
-----------------------------------------------------------------
 - USER_HOME PATH : /tibero
 - TBINARY PATH : /tibero/tbinary
 - TB_HOME PATH : /tibero/tibero6
 - CONTROL1_FILE : /tibero/tibero6/database/tbctl1/c1.ctl
 - CONTROL2_FILE : /tibero/tibero6/database/tbctl2/c2.ctl
 - DB_CREATE_FILE : /tibero/tibero6/database/tbdata
 - LOG_ARCHIVE_DEST : /tibero/tibero6/database/tbarch
-----------------------------------------------------------------
 * CREATE DATABASE sql
-----------------------------------------------------------------
CREATE DATABASE 
USER sys IDENTIFIED BY 'tibero' 
MAXDATAFILES 256
CHARACTER SET UTF8
LOGFILE 
GROUP 0 ('system/redo001.redo','system/redo002.redo') SIZE 30M,
GROUP 1 ('system/redo011.redo','system/redo012.redo') SIZE 30M,
GROUP 2 ('system/redo021.redo','system/redo022.redo') SIZE 30M,
GROUP 3 ('system/redo031.redo','system/redo032.redo') SIZE 30M,
GROUP 4 ('system/redo041.redo','system/redo042.redo') SIZE 30M
MAXLOGFILES 100
MAXLOGMEMBERS 8
--MAXARCHIVELOG 500
--MAXLOGHISTORY 500
ARCHIVELOG
    DATAFILE 'system/system001.dtf' SIZE 1G
    UNDO TABLESPACE UNDO0 DATAFILE 'system/undo001.dtf' SIZE 1G
    DEFAULT TEMPORARY TABLESPACE TEMP TEMPFILE 'system/temp001.dtf' SIZE 1G
    DEFAULT TABLESPACE USR DATAFILE 'system/usr001.dtf' SIZE 1G;
-----------------------------------------------------------------

continue ? ( [Y]es / [N]o / [AA] All Auto] ) : 
############################################################
# tbis Progress> Engine
############################################################

 - gunzip ../binary/tibero*.tar.gz
 - tar -xvf ../binary/tibero*.tar -C /tibero/tibero6

tibero6/bin/tbsvr
tibero6/bin/psmjavac
tibero6/bin/sm_sysmon_network_state.sh
tibero6/bin/libtbom_lite.lib
tibero6/bin/tb_create_db.sh
tibero6/bin/sysalloc_summary.sh
tibero6/bin/libtboci.lib
tibero6/bin/tbcm
tibero6/bin/svr_rename.sh
tibero6/bin/tbiv
tibero6/bin/tbinfo
tibero6/bin/sm_sysmon_disk_io.sh
tibero6/bin/dbctl_for_cm.sh
tibero6/bin/tblistener
tibero6/bin/sm_sysmon_ps.sh
tibero6/bin/internal_svr_env.sh
tibero6/bin/sm_sysmon_network_io.sh
tibero6/bin/tbiobench
tibero6/bin/libtbom_lite.dll
tibero6/bin/cm_res_exec.sh
tibero6/bin/sm_sysmon_disk_state.sh
tibero6/bin/tbupdater
tibero6/bin/tbcmobs
tibero6/bin/libtbOCI_info.exe
tibero6/bin/update/system_sh_pkgonly.sh
tibero6/bin/update/update.tbl
tibero6/bin/update/psm_recompile_all.sh
tibero6/bin/tbboot
tibero6/bin/tb_cert_manager
tibero6/bin/libtbom.dll
tibero6/bin/tbnetbench
tibero6/bin/base_env.sh
tibero6/bin/tbctl
tibero6/bin/cmrctl
tibero6/bin/tbprof
tibero6/bin/libtbom.lib
tibero6/bin/crfconf
tibero6/bin/tbcmbin
tibero6/bin/tbwallet_gen
tibero6/bin/alterdd.sh
tibero6/bin/svr_env.sh
tibero6/bin/libtboci.dll
tibero6/client/epa/java/lib/commons-collections.jar
tibero6/client/epa/java/lib/tbjavaepa.jar
tibero6/client/epa/java/lib/activation.jar
tibero6/client/epa/java/lib/commons-pool.jar
tibero6/client/epa/java/lib/log4j-1.2.15.jar
tibero6/client/epa/java/lib/mail.jar
tibero6/client/epa/java/lib/kuromoji-0.7.7.jar
tibero6/client/epa/java/config/epalog.properties
tibero6/client/epa/java/config/epa.cfg
tibero6/client/lib/libtbpc.so
tibero6/client/lib/libtbxa.so
tibero6/client/lib/libtblr.so
tibero6/client/lib/libtboci.so
tibero6/client/lib/libtbstr.so
tibero6/client/lib/libifmxparser.so
tibero6/client/lib/libtbextb.so
tibero6/client/lib/libdb2cblcv.so
tibero6/client/lib/libtbecbpp.so
tibero6/client/lib/libdb2_psmparser.so
tibero6/client/lib/libsqltranscommon.so
tibero6/client/lib/libdb2ccv.so
tibero6/client/lib/libtsql_psmparser.so
tibero6/client/lib/libtbloader.so
tibero6/client/lib/libdb2parser.so
tibero6/client/lib/libtbclnt.so
tibero6/client/lib/libtbcliin.so
tibero6/client/lib/libtbertl_odbc.so
tibero6/client/lib/libclientcommon.so
tibero6/client/lib/libtbstat_v1.so
tibero6/client/lib/libtbertl.so
tibero6/client/lib/libmod_tbpsm.so
tibero6/client/lib/libiparam.so
tibero6/client/lib/libtbstat.so
tibero6/client/lib/libcscli.so
tibero6/client/lib/libtbasc.so
tibero6/client/lib/libcscomm.so
tibero6/client/lib/libtbpcb.so
tibero6/client/lib/libtbecpp.so
tibero6/client/lib/libtbutil.so
tibero6/client/lib/libdatatype.so
tibero6/client/lib/libtbparser.so
tibero6/client/lib/libtbodbc.so
tibero6/client/lib/libtbmsg.so
tibero6/client/lib/libtbom.so
tibero6/client/lib/libcommon.so
tibero6/client/lib/libtbcli.so
tibero6/client/lib/libtbprof.so
tibero6/client/lib/libsscli.so
tibero6/client/lib/libenv_client.so
tibero6/client/lib/libtbeplutil.so
tibero6/client/lib/libtscli.so
tibero6/client/lib/libtbom_lite.so
tibero6/client/lib/libtbepl.so
tibero6/client/lib/jar/kryo-5.0.0-RC5.jar
tibero6/client/lib/jar/hadoop-common-2.6.0.jar
tibero6/client/lib/jar/htools-0.27.jar
tibero6/client/lib/jar/swt_linux32.jar
tibero6/client/lib/jar/tibero6-jdbc-dbg.jar
tibero6/client/lib/jar/tibero6-jdbc-14-dbg.jar
tibero6/client/lib/jar/tibero6-jdbc-14.jar
tibero6/client/lib/jar/expimpv2.jar
tibero6/client/lib/jar/internal-jdbc-14.jar
tibero6/client/lib/jar/lz4-1.3.0.jar
tibero6/client/lib/jar/msllogger-14.jar
tibero6/client/lib/jar/internal-jdbc-16.jar
tibero6/client/lib/jar/tbopenjpa.jar
tibero6/client/lib/jar/msllogger-18.jar
tibero6/client/lib/jar/swt_win32.jar
tibero6/client/lib/jar/reflectasm-1.11.6.jar
tibero6/client/lib/jar/toolcom.jar
tibero6/client/lib/jar/wizard_cmd.jar
tibero6/client/lib/jar/swt_linux64.jar
tibero6/client/lib/jar/internal-jdbc-16-dbg.jar
tibero6/client/lib/jar/tibero6-jdbc.jar
tibero6/client/lib/jar/minlog-1.3.0.jar
tibero6/client/lib/jar/expimp.jar
tibero6/client/lib/jar/wizard_gui.jar
tibero6/client/lib/jar/swt_win64.jar
tibero6/client/lib/jar/commons-compress-1.20.jar
tibero6/client/lib/jar/forms_rt.jar
tibero6/client/lib/jar/internal-jdbc-14-dbg.jar
tibero6/client/lib/jar/objenesis-2.6.jar
tibero6/client/lib/jar/antlr4-runtime-4.3.jar
tibero6/client/lib/libclialloc.so
tibero6/client/lib/php/README
tibero6/client/lib/libmio.so
tibero6/client/lib/libtbecommon.so
tibero6/client/lib/libdb2sqlcv.so
tibero6/client/lib/libtscli4.so
tibero6/client/lib/libtbertl_oci.so
tibero6/client/lib/libtsqlparser.so
tibero6/client/config/tbimport_hl.config.default
tibero6/client/config/tbpcb.cfg
tibero6/client/config/.tbc_file_id
tibero6/client/config/.tbco_file_id
tibero6/client/config/tbertl.cfg
tibero6/client/config/tbpc.cfg
tibero6/client/config/gen_esql_cfg.sh
tibero6/client/include/stat_type.h
tibero6/client/include/sqlcli_types.h
tibero6/client/include/esql_lob.h
tibero6/client/include/stat_type_v1.h
tibero6/client/include/sqlcli_epl.h
tibero6/client/include/win_svr_stat_v1.h
tibero6/client/include/tsam4.h
tibero6/client/include/sqlcpr.h
tibero6/client/include/thr_type.list
tibero6/client/include/sqlca.h
tibero6/client/include/SQLCA
tibero6/client/include/sqlcli_ucode.h
tibero6/client/include/sqlcli_ext.h
tibero6/client/include/svrstat_type.h
tibero6/client/include/tbparser_interface.h
tibero6/client/include/stat_struct.h
tibero6/client/include/sqlcli_odbc.h
tibero6/client/include/extproc.h
tibero6/client/include/sqlda.h
tibero6/client/include/esql_api.h
tibero6/client/include/svr_stat_v1.h
tibero6/client/include/svrstat_type_v1.h
tibero6/client/include/win_svr_stat.h
tibero6/client/include/tb_exdt.h
tibero6/client/include/svr_stat.h
tibero6/client/include/tsam.h
tibero6/client/include/tbutil.h
tibero6/client/include/tli.h
tibero6/client/include/sqlcli.h
tibero6/client/include/stat_struct_v1.h
tibero6/client/include/tbutil_cdecl.h
tibero6/client/include/xa.h
tibero6/client/bin/exportv2
tibero6/client/bin/tblogdump
tibero6/client/bin/tbmigrator.zip
tibero6/client/bin/tberr
tibero6/client/bin/sqlsy
tibero6/client/bin/importv2
tibero6/client/bin/tbepa
tibero6/client/bin/db2sqlconv
tibero6/client/bin/gw4db2_v10
tibero6/client/bin/tbhdreditor
tibero6/client/bin/tbascmd
tibero6/client/bin/tbpcc
tibero6/client/bin/tblobdump
tibero6/client/bin/gw4orcl_11g
tibero6/client/bin/tbimportv2
tibero6/client/bin/tbwrap
tibero6/client/bin/T-Up.zip
tibero6/client/bin/tbldprx
tibero6/client/bin/gisLoader
tibero6/client/bin/libtbOCI_info
tibero6/client/bin/tbdb2ccv
tibero6/client/bin/tbloader
tibero6/client/bin/db2_psm_sqlconv
tibero6/client/bin/import
tibero6/client/bin/gw4orcl_10g
tibero6/client/bin/tbpcb
tibero6/client/bin/tbJavaGW.zip
tibero6/client/bin/tbdb2cblcv
tibero6/client/bin/tbjavaepa
tibero6/client/bin/gw4db2_v9
tibero6/client/bin/tbicvt
tibero6/client/bin/tbasdd
tibero6/client/bin/tbdb2sqlcv
tibero6/client/bin/tbdv
tibero6/client/bin/tbpcbc
tibero6/client/bin/runWizard.sh
tibero6/client/bin/gw4orcl_12c
tibero6/client/bin/export
tibero6/client/bin/tbpc
tibero6/client/bin/tbrmgr
tibero6/client/bin/tbdfmod
tibero6/client/bin/tbimport
tibero6/client/bin/tbsql
tibero6/client/bin/tbsql2
tibero6/client/bin/tbexportv2
tibero6/client/bin/tbexport
tibero6/client/bin/ifmxsqlconv
tibero6/client/ssl/openssl.cnf
tibero6/client/ssl/misc/CA.pl
tibero6/client/ssl/misc/tsget
tibero6/client/ssl/misc/c_info
tibero6/client/ssl/misc/c_name
tibero6/client/ssl/misc/CA.sh
tibero6/client/ssl/misc/c_hash
tibero6/client/ssl/misc/c_issuer
tibero6/config/ilog.map.example
tibero6/config/variant
tibero6/config/gen_tip_for_tac.sh
tibero6/config/cm.template
tibero6/config/gen_psm_cmd.sh
tibero6/config/tip.template
tibero6/config/gen_tip.sh
tibero6/config/tac.template
tibero6/lib/libgeos-3.6.3.so
tibero6/lib/libxqilla.so.3
tibero6/lib/libgeos_c.so.1
tibero6/lib/libgeos_c.so
tibero6/lib/libxqilla.so
tibero6/lib/libgeos_c.so.1.10.3
tibero6/lib/libxerces-c-3.1.so
tibero6/lib/libgeos.so
tibero6/lib/libxqilla.so.3.3.0
tibero6/lib/pkgconfig/xerces-c.pc
tibero6/lib/libxerces-c.so
tibero6/scripts/tpr_stop.sql
tibero6/scripts/wizard_create_pkg_linux.properties
tibero6/scripts/cm_rc_gen.sh
tibero6/scripts/dpv.sql
tibero6/scripts/japanese_lexer_epa.sql
tibero6/scripts/outln.sql
tibero6/scripts/tbl_columns_recovery_FS01_or_less.sql
tibero6/scripts/odci.sql
tibero6/scripts/pkgbody_install.sh
tibero6/scripts/system_users_sod.sql
tibero6/scripts/sys_job.sql
tibero6/scripts/sv_dict.sql
tibero6/scripts/rewrite_table.sql
tibero6/scripts/systbl_workspacemanager.sql
tibero6/scripts/systbl_crypto_system.sql
tibero6/scripts/pkgspec_install.sh
tibero6/scripts/create_dba_sod_gen.sql
tibero6/scripts/tb_cert_viewer.sh
tibero6/scripts/vt_create_gen.sql
tibero6/scripts/cm_boot_cmd_repl.sh
tibero6/scripts/tpr_drop.sql
tibero6/scripts/system.sh
tibero6/scripts/systbl_create_agent.sql
tibero6/scripts/cm_down_cmd.sh
tibero6/scripts/mview_remote_install.sql
tibero6/scripts/catalogview.sql
tibero6/scripts/tudi.sql
tibero6/scripts/dd_sql_gen.sql
tibero6/scripts/client_policy.sql
tibero6/scripts/systbl_tpm.sql
tibero6/scripts/tbl_columns_recovery_FS02.sql
tibero6/scripts/systbl_tsn_timestamp.sql
tibero6/scripts/revalidate_viewnsyn.sql
tibero6/scripts/iparam_desc_gen.sql
tibero6/scripts/wizard_create_pkg_windows.properties
tibero6/scripts/sys_profile.sql
tibero6/scripts/internal_svr_env.sh
tibero6/scripts/catalogview_sod.sql
tibero6/scripts/wizard_create_pkg.properties
tibero6/scripts/cm_hacmp_check_cmd_aix.sh
tibero6/scripts/tpr_check_status.sql
tibero6/scripts/svr_thread_monitor.sh
tibero6/scripts/create_dba_gen.sql
tibero6/scripts/create_gis.sql
tibero6/scripts/tpr.sql
tibero6/scripts/drop_stat_hist.sql
tibero6/scripts/sph_create_obj.sh
tibero6/scripts/systbl_server_alert.sql
tibero6/scripts/systbl_gen.sql
tibero6/scripts/plan_table.sql
tibero6/scripts/create_seq.sql
tibero6/scripts/stat_hist.sql
tibero6/scripts/systbl_rsrc.sql
tibero6/scripts/rmgr_cm_check.sh
tibero6/scripts/tbl_columns_redef_FS02.sql
tibero6/scripts/sys_tbl.sql
tibero6/scripts/tpr_replenish.sql
tibero6/scripts/svr_set.sh
tibero6/scripts/ckpt_on_create.sql
tibero6/scripts/plustrace.sql
tibero6/scripts/tbl_columns_redef_FS01_or_less.sql
tibero6/scripts/cm_probe_cmd.sh
tibero6/scripts/crypto_system.sql
tibero6/scripts/crypto_system_zero.sql
tibero6/scripts/systbl_lock.sql
tibero6/scripts/create_translation_profiles.sql
tibero6/scripts/sys_tbl_sod.sql
tibero6/scripts/cm_standby_cmd.sh
tibero6/scripts/vt_dual.sql
tibero6/scripts/cm_if_check_cmd_aix.sh
tibero6/scripts/systbl_job.sql
tibero6/scripts/sph_create_obj.sql
tibero6/scripts/cm_stat.sh
tibero6/scripts/cm_auto_down
tibero6/scripts/dpvx.sql
tibero6/scripts/tpr_create_obj.sql
tibero6/scripts/cm_import_res_from_file.sh
tibero6/scripts/systbl_scheduler.sql
tibero6/scripts/sod_setting.sql
tibero6/scripts/dpv_dict.sql
tibero6/scripts/tpr_create_obj.sh
tibero6/scripts/example_users.sql
tibero6/scripts/systbl_drop_agent.sql
tibero6/scripts/pkg/pkg_text_japanese_lexer.sql
tibero6/scripts/pkg/_pkg_dbms_db2_translator.tbw
tibero6/scripts/pkg/_pkg_dbms_sqltune.tbw
tibero6/scripts/pkg/pkg_dbms_errlog.sql
tibero6/scripts/pkg/pkg_diutil.sql
tibero6/scripts/pkg/_pkg_dbms_mview_refresh_util.tbw
tibero6/scripts/pkg/pkg_utl_encode.sql
tibero6/scripts/pkg/pkg_dbms_geom.sql
tibero6/scripts/pkg/_pkg_dbms_utility.tbw
tibero6/scripts/pkg/_pkg_dbms_audit_event.tbw
tibero6/scripts/pkg/pkg_dbms_session.sql
tibero6/scripts/pkg/pkg_owa_util.sql
tibero6/scripts/pkg/pkg_dbms_scheduler.sql
tibero6/scripts/pkg/pkg_dbms_xmlgen_obj.sql
tibero6/scripts/pkg/_pkg_utl_recomp.tbw
tibero6/scripts/pkg/pkg_htf.sql
tibero6/scripts/pkg/_pkg_text_japanese_lexer.tbw
tibero6/scripts/pkg/pkg_dbms_pipe.sql
tibero6/scripts/pkg/pkg_tb_utility.sql
tibero6/scripts/pkg/_pkg_dbms_session.tbw
tibero6/scripts/pkg/_pkg_dbms_apm.tbw
tibero6/scripts/pkg/pkg_dbms_space_admin.sql
tibero6/scripts/pkg/pkg_dbms_obfuscation.sql
tibero6/scripts/pkg/pkg_utl_tcp.sql
tibero6/scripts/pkg/pkg_dbms_debug_jdwp.sql
tibero6/scripts/pkg/_pkg_dbms_mview.tbw
tibero6/scripts/pkg/pkg_dbms_stats_util.sql
tibero6/scripts/pkg/pkg_dbms_xmldom.sql
tibero6/scripts/pkg/_pkg_dbms_metadata.tbw
tibero6/scripts/pkg/pkg_dbms_aq.sql
tibero6/scripts/pkg/pkg_dbms_workspacemanager.sql
tibero6/scripts/pkg/uninstall_xmltype.sql
tibero6/scripts/pkg/pkg_dbms_redefinition.sql
tibero6/scripts/pkg/_pkg_dbms_sql_analyze.tbw
tibero6/scripts/pkg/pkg_dbms_rls.sql
tibero6/scripts/pkg/pkg_dbms_alert.sql
tibero6/scripts/pkg/_pkg_dbms_server_alert.tbw
tibero6/scripts/pkg/pkg_utl_smtp.sql
tibero6/scripts/pkg/pkg_dbms_sqltune.sql
tibero6/scripts/pkg/pkg_dbms_result_cache.sql
tibero6/scripts/pkg/pkg_dbms_rowid.sql
tibero6/scripts/pkg/pkg_dbms_standard.sql
tibero6/scripts/pkg/pkg_utl_str.sql
tibero6/scripts/pkg/_pkg_fan_ha.tbw
tibero6/scripts/pkg/pkg_htp.sql
tibero6/scripts/pkg/_pkg_db2_standard.tbw
tibero6/scripts/pkg/pkg_dbms_sql.sql
tibero6/scripts/pkg/pkg_dbms_odci.sql
tibero6/scripts/pkg/_pkg_dbms_xmlparser.tbw
tibero6/scripts/pkg/pkg_db2_standard.sql
tibero6/scripts/pkg/pkg_dbms_flashback.sql
tibero6/scripts/pkg/_pkg_dg_cipher.tbw
tibero6/scripts/pkg/pkg_utl_url.sql
tibero6/scripts/pkg/_pkg_dbms_errlog.tbw
tibero6/scripts/pkg/pkg_dbms_xmlsave.sql
tibero6/scripts/pkg/_pkg_fan_ha_uninstall.tbw
tibero6/scripts/pkg/_pkg_dbms_stats.tbw
tibero6/scripts/pkg/pkg_dbms_tpm.sql
tibero6/scripts/pkg/pkg_dbms_transaction.sql
tibero6/scripts/pkg/pkg_dbms_xmldom_obj.sql
tibero6/scripts/pkg/_pkg_dbms_workspacemanager.tbw
tibero6/scripts/pkg/pkg_dbms_output.sql
tibero6/scripts/pkg/install_xmltype.sql
tibero6/scripts/pkg/pkg_utl_file.sql
tibero6/scripts/pkg/_pkg_dbms_tpm.tbw
tibero6/scripts/pkg/pkg_dbms_ddl.sql
tibero6/scripts/pkg/pkg_dbms_mview_refresh_util.sql
tibero6/scripts/pkg/_pkg_dbms_assert.tbw
tibero6/scripts/pkg/pkg_udt_meta.sql
tibero6/scripts/pkg/pkg_dbms_lob.sql
tibero6/scripts/pkg/pkg_dbms_metadata.sql
tibero6/scripts/pkg/_pkg_dbms_verify.tbw
tibero6/scripts/pkg/pkg_inst_cnt.sql
tibero6/scripts/pkg/pkg_dbms_application_info.sql
tibero6/scripts/pkg/pkg_dbms_mssql_translator.sql
tibero6/scripts/pkg/xmltype.sql
tibero6/scripts/pkg/pkg_text.sql
tibero6/scripts/pkg/_pkg_rsc_measure.tbw
tibero6/scripts/pkg/pkg_dbms_stats.sql
tibero6/scripts/pkg/create_pkg_text_tbl.sql
tibero6/scripts/pkg/pkg_utl_i18n.sql
tibero6/scripts/pkg/pkg_dbms_aq_utl.sql
tibero6/scripts/pkg/_pkg_dbms_xplan.tbw
tibero6/scripts/pkg/pkg_synonym.sql
tibero6/scripts/pkg/_pkg_utl_http.tbw
tibero6/scripts/pkg/pkg_dbms_server_alert.sql
tibero6/scripts/pkg/pkg_psm_sql_result_cache.sql
tibero6/scripts/pkg/pkg_dbms_expression.sql
tibero6/scripts/pkg/pkg_dbms_debug.sql
tibero6/scripts/pkg/pkg_dbms_tpr.sql
tibero6/scripts/pkg/pkg_dbms_fga.sql
tibero6/scripts/pkg/_pkg_dbms_sql_translator.tbw
tibero6/scripts/pkg/_pkg_dbms_stats_util.tbw
tibero6/scripts/pkg/pkg_clobxmlinterface.sql
tibero6/scripts/pkg/pkg_dbms_assert.sql
tibero6/scripts/pkg/pkg_dbms_types.sql
tibero6/scripts/pkg/pkg_dbms_space.sql
tibero6/scripts/pkg/_pkg_dbms_rsrc.tbw
tibero6/scripts/pkg/pkg_dbms_lock.sql
tibero6/scripts/pkg/pkg_sys_util.sql
tibero6/scripts/pkg/pkg_dbms_monitor.sql
tibero6/scripts/pkg/_pkg_htp.tbw
tibero6/scripts/pkg/pkg_dbms_crypto.sql
tibero6/scripts/pkg/pkg_dbms_mview_util.sql
tibero6/scripts/pkg/pkg_dbms_mview.sql
tibero6/scripts/pkg/_pkg_dbms_mssql_translator.tbw
tibero6/scripts/pkg/pkg_dbms_sph.sql
tibero6/scripts/pkg/pkg_dg_cipher.sql
tibero6/scripts/pkg/pkg_dbms_utl_tb.sql
tibero6/scripts/pkg/pkg_dbms_job.sql
tibero6/scripts/pkg/pkg_dbms_sql_translator.sql
tibero6/scripts/pkg/_pkg_utl_url.tbw
tibero6/scripts/pkg/pkg_utl_compress.sql
tibero6/scripts/pkg/_pkg_utl_i18n.tbw
tibero6/scripts/pkg/_pkg_dbms_aqadm.tbw
tibero6/scripts/pkg/_pkg_dbms_redefinition_stats.tbw
tibero6/scripts/pkg/pkg_utl_http.sql
tibero6/scripts/pkg/pkg_dbms_repair.sql
tibero6/scripts/pkg/pkg_dbms_sql_analyze.sql
tibero6/scripts/pkg/pkg_dbms_rsrc.sql
tibero6/scripts/pkg/pkg_client_internal.sql
tibero6/scripts/pkg/pkg_utl_of.sql
tibero6/scripts/pkg/pkg_dbms_xmlgen.sql
tibero6/scripts/pkg/_pkg_dbms_stats_submit.tbw
tibero6/scripts/pkg/_pkg_dbms_aq.tbw
tibero6/scripts/pkg/pkg_utl_recomp.sql
tibero6/scripts/pkg/pkg_utl_raw.sql
tibero6/scripts/pkg/pkg_standard.sql
tibero6/scripts/pkg/xmltype_install_checker.sql
tibero6/scripts/pkg/pkg_dbms_random.sql
tibero6/scripts/pkg/pkg_dbms_java.sql
tibero6/scripts/pkg/pkg_dbms_db2_translator.sql
tibero6/scripts/pkg/uda_wm_concat.sql
tibero6/scripts/pkg/_pkg_dbms_xmlgen.tbw
tibero6/scripts/pkg/pkg_dbms_aqadm.sql
tibero6/scripts/pkg/pkg_inst_measure.sql
tibero6/scripts/pkg/pkg_dbms_utility.sql
tibero6/scripts/pkg/_pkg_dbms_utl_tb.tbw
tibero6/scripts/pkg/_pkg_dbms_xslprocessor_obj.tbw
tibero6/scripts/pkg/pkg_objxmlinterface.sql
tibero6/scripts/pkg/_uda_wm_concat.tbw
tibero6/scripts/pkg/pkg_dbms_redefinition_stats.sql
tibero6/scripts/pkg/pkg_tudiconst.sql
tibero6/scripts/pkg/pkg_standard_extension.sql
tibero6/scripts/pkg/pkg_synonym2.sql
tibero6/scripts/pkg/_pkg_dbms_mview_util.tbw
tibero6/scripts/pkg/anydata.sql
tibero6/scripts/pkg/_pkg_dbms_tpr.tbw
tibero6/scripts/pkg/pkg_utl_match.sql
tibero6/scripts/pkg/_pkg_text.tbw
tibero6/scripts/pkg/pkg_utl_ref.sql
tibero6/scripts/pkg/func_xmlidx.sql
tibero6/scripts/pkg/pkg_dbms_xmlparser.sql
tibero6/scripts/pkg/pkg_dbms_xslprocessor.sql
tibero6/scripts/pkg/pkg_dbms_db_version.sql
tibero6/scripts/pkg/_pkg_dbms_sph.tbw
tibero6/scripts/pkg/pkg_seaf.sql
tibero6/scripts/pkg/pkg_dbms_xplan.sql
tibero6/scripts/pkg/pkg_dbms_xmlquery.sql
tibero6/scripts/pkg/_pkg_htf.tbw
tibero6/scripts/pkg/pkg_rsc_measure.sql
tibero6/scripts/pkg/pkg_dbms_verify.sql
tibero6/scripts/pkg/pkg_dbms_system.sql
tibero6/scripts/pkg/_pkg_dbms_scheduler.tbw
tibero6/scripts/pkg/_pkg_utl_smtp.tbw
tibero6/scripts/pkg/pkg_dbms_ctx_ddl.sql
tibero6/scripts/pkg/_pkg_dbms_xslprocessor.tbw
tibero6/scripts/pkg/_pkg_dbms_aq_utl.tbw
tibero6/scripts/system_users.sql
tibero6/scripts/cm_boot_cmd.sh
tibero6/scripts/cm_runlevel_check_cmd.sh
tibero6/scripts/tpr_start.sql
tibero6/scripts/vt_drop_gen.sql
tibero6/license/oss_licenses/ICU_license.html
tibero6/license/oss_licenses/Apache_v2.txt
tibero6/license/oss_licenses/BSD_license.txt
tibero6/license/oss_licenses/LGPL_v2.txt
tibero6/license/oss_licenses/oss_licenses.txt
tibero6/nls/zoneinfo/timezone_be.dat
tibero6/nls/zoneinfo/timezone_le.dat

############################################################
# tbis Progress> tbinary
############################################################

 - tar -xvf ../binary/tbinary*.tar -C /tibero


############################################################
# tbis Progress> license 
############################################################

 - cp ../binary/license.xml /tibero/tibero6/license/license.xml


############################################################
# tbis Progress> Profile 
############################################################

 - /tibero/.bash_profile apply configuration


############################################################
# tbis Progress> TB_SID TIP File
############################################################

 - testdb.tip /tibero/tibero6/config/testdb.tip apply configuration


############################################################
# tbis Progress> TBDSN
############################################################

- tbdsn.tbr: /tibero/tibero6/client/config/tbdsn.tbr


############################################################
#  tbis Progress> Change Owner
############################################################

 - chown -R tibero:dba /tibero


############################################################
#  tbis Progress> tbboot
############################################################
# install user : root
# tibero  user : tibero
----------------------------------------------------
 - su - tibero -c "tbboot mount"
----------------------------------------------------

Change core dump dir to /tibero/tibero6/bin/prof.

********************************************************
*   Warning: Control file open failed 
*    /tibero/tibero6/database/tbctl1/c1.ctl 
********************************************************


********************************************************
*   Warning: Control file open failed 
*    /tibero/tibero6/database/tbctl2/c2.ctl 
********************************************************


********************************************************
* Critical Warning : Raise svmode failed. The reason is 
*   TBR-24003 :  Unable to read control file.
*   Current server mode is NOMOUNT.
********************************************************


Tibero 6  

TmaxData Corporation Copyright (c) 2008-. All rights reserved.
Tibero instance started suspended at NOMOUNT mode.
############################################################
#  tbis Progress> CREATE DATABASE
############################################################

CREATE DATABASE 
USER sys IDENTIFIED BY 'tibero' 
MAXDATAFILES 256
CHARACTER SET UTF8
LOGFILE 
GROUP 0 ('system/redo001.redo','system/redo002.redo') SIZE 30M,
GROUP 1 ('system/redo011.redo','system/redo012.redo') SIZE 30M,
GROUP 2 ('system/redo021.redo','system/redo022.redo') SIZE 30M,
GROUP 3 ('system/redo031.redo','system/redo032.redo') SIZE 30M,
GROUP 4 ('system/redo041.redo','system/redo042.redo') SIZE 30M
MAXLOGFILES 100
MAXLOGMEMBERS 8
--MAXARCHIVELOG 500
--MAXLOGHISTORY 500
ARCHIVELOG
    DATAFILE 'system/system001.dtf' SIZE 1G
    UNDO TABLESPACE UNDO0 DATAFILE 'system/undo001.dtf' SIZE 1G
    DEFAULT TEMPORARY TABLESPACE TEMP TEMPFILE 'system/temp001.dtf' SIZE 1G
    DEFAULT TABLESPACE USR DATAFILE 'system/usr001.dtf' SIZE 1G;


Database created.

Listener port = 8629


############################################################
#  tbis Progress> tbboot
############################################################
# install user : root
# tibero  user : tibero
----------------------------------------------------
 - su - tibero -c "tbboot normal"
----------------------------------------------------

Change core dump dir to /tibero/tibero6/bin/prof.

Tibero 6  

TmaxData Corporation Copyright (c) 2008-. All rights reserved.
Tibero instance started up (NORMAL mode).

############################################################
#  tbis Progress> system.sh
############################################################

sh /tibero/tibero6/scripts/system.sh -p1 tibero -p2 syscat -a1 Y -a2 Y -a3 Y -a4 Y

Dropping agent table...
Creating text packages table ...
Creating the role DBA...
Creating system users & roles...
Creating example users...
Creating virtual tables(1)...
Creating virtual tables(2)...
Granting public access to _VT_DUAL...
Creating the system generated sequences...
Creating internal dynamic performance views...
Creating outline table...
Creating system tables related to dbms_job...
Creating system tables related to dbms_lock...
Creating system tables related to scheduler...
Creating system tables related to server_alert...
Creating system tables related to tpm...
Creating system tables related to tsn and timestamp...
Creating system tables related to rsrc...
Creating system tables related to workspacemanager...
Creating system tables related to statistics...
Creating system tables related to mview...
Create system tables related to crypto_system...
Creating system package specifications:
    Running /tibero/tibero6/scripts/pkg/pkg_standard.sql...
    Running /tibero/tibero6/scripts/pkg/pkg_standard_extension.sql...
    Running /tibero/tibero6/scripts/pkg/pkg_clobxmlinterface.sql...
    Running /tibero/tibero6/scripts/pkg/pkg_udt_meta.sql...
    Running /tibero/tibero6/scripts/pkg/pkg_seaf.sql...
    Running /tibero/tibero6/scripts/pkg/anydata.sql...
    Running /tibero/tibero6/scripts/pkg/pkg_dbms_standard.sql...
    Running /tibero/tibero6/scripts/pkg/pkg_db2_standard.sql...
    Running /tibero/tibero6/scripts/pkg/pkg_dbms_application_info.sql...
    Running /tibero/tibero6/scripts/pkg/pkg_dbms_aq.sql...
    Running /tibero/tibero6/scripts/pkg/pkg_dbms_aq_utl.sql...
    Running /tibero/tibero6/scripts/pkg/pkg_dbms_aqadm.sql...
    Running /tibero/tibero6/scripts/pkg/pkg_dbms_assert.sql...
    Running /tibero/tibero6/scripts/pkg/pkg_dbms_crypto.sql...
    Running /tibero/tibero6/scripts/pkg/pkg_dbms_db2_translator.sql...
    Running /tibero/tibero6/scripts/pkg/pkg_dbms_db_version.sql...
    Running /tibero/tibero6/scripts/pkg/pkg_dbms_ddl.sql...
    Running /tibero/tibero6/scripts/pkg/pkg_dbms_debug.sql...
    Running /tibero/tibero6/scripts/pkg/pkg_dbms_debug_jdwp.sql...
    Running /tibero/tibero6/scripts/pkg/pkg_dbms_errlog.sql...
    Running /tibero/tibero6/scripts/pkg/pkg_dbms_expression.sql...
    Running /tibero/tibero6/scripts/pkg/pkg_dbms_fga.sql...
    Running /tibero/tibero6/scripts/pkg/pkg_dbms_flashback.sql...
    Running /tibero/tibero6/scripts/pkg/pkg_dbms_geom.sql...
    Running /tibero/tibero6/scripts/pkg/pkg_dbms_java.sql...
    Running /tibero/tibero6/scripts/pkg/pkg_dbms_job.sql...
    Running /tibero/tibero6/scripts/pkg/pkg_dbms_lob.sql...
    Running /tibero/tibero6/scripts/pkg/pkg_dbms_lock.sql...
    Running /tibero/tibero6/scripts/pkg/pkg_dbms_metadata.sql...
    Running /tibero/tibero6/scripts/pkg/pkg_dbms_mssql_translator.sql...
    Running /tibero/tibero6/scripts/pkg/pkg_dbms_mview.sql...
    Running /tibero/tibero6/scripts/pkg/pkg_dbms_mview_refresh_util.sql...
    Running /tibero/tibero6/scripts/pkg/pkg_dbms_mview_util.sql...
    Running /tibero/tibero6/scripts/pkg/pkg_dbms_obfuscation.sql...
    Running /tibero/tibero6/scripts/pkg/pkg_dbms_output.sql...
    Running /tibero/tibero6/scripts/pkg/pkg_dbms_pipe.sql...
    Running /tibero/tibero6/scripts/pkg/pkg_dbms_random.sql...
    Running /tibero/tibero6/scripts/pkg/pkg_dbms_redefinition.sql...
    Running /tibero/tibero6/scripts/pkg/pkg_dbms_redefinition_stats.sql...
    Running /tibero/tibero6/scripts/pkg/pkg_dbms_repair.sql...
    Running /tibero/tibero6/scripts/pkg/pkg_dbms_result_cache.sql...
    Running /tibero/tibero6/scripts/pkg/pkg_dbms_rls.sql...
    Running /tibero/tibero6/scripts/pkg/pkg_dbms_rowid.sql...
    Running /tibero/tibero6/scripts/pkg/pkg_dbms_rsrc.sql...
    Running /tibero/tibero6/scripts/pkg/pkg_dbms_scheduler.sql...
    Running /tibero/tibero6/scripts/pkg/pkg_dbms_session.sql...
    Running /tibero/tibero6/scripts/pkg/pkg_dbms_space.sql...
    Running /tibero/tibero6/scripts/pkg/pkg_dbms_space_admin.sql...
    Running /tibero/tibero6/scripts/pkg/pkg_dbms_sph.sql...
    Running /tibero/tibero6/scripts/pkg/pkg_dbms_sql.sql...
    Running /tibero/tibero6/scripts/pkg/pkg_dbms_sql_analyze.sql...
    Running /tibero/tibero6/scripts/pkg/pkg_dbms_sql_translator.sql...
    Running /tibero/tibero6/scripts/pkg/pkg_dbms_sqltune.sql...
    Running /tibero/tibero6/scripts/pkg/pkg_dbms_stats.sql...
    Running /tibero/tibero6/scripts/pkg/pkg_dbms_stats_util.sql...
    Running /tibero/tibero6/scripts/pkg/pkg_dbms_system.sql...
    Running /tibero/tibero6/scripts/pkg/pkg_dbms_transaction.sql...
    Running /tibero/tibero6/scripts/pkg/pkg_dbms_types.sql...
    Running /tibero/tibero6/scripts/pkg/pkg_dbms_utility.sql...
    Running /tibero/tibero6/scripts/pkg/pkg_dbms_utl_tb.sql...
    Running /tibero/tibero6/scripts/pkg/pkg_dbms_verify.sql...
    Running /tibero/tibero6/scripts/pkg/pkg_dbms_xmldom.sql...
    Running /tibero/tibero6/scripts/pkg/pkg_dbms_xmlgen.sql...
    Running /tibero/tibero6/scripts/pkg/pkg_dbms_xmlquery.sql...
    Running /tibero/tibero6/scripts/pkg/pkg_dbms_xplan.sql...
    Running /tibero/tibero6/scripts/pkg/pkg_dg_cipher.sql...
    Running /tibero/tibero6/scripts/pkg/pkg_htf.sql...
    Running /tibero/tibero6/scripts/pkg/pkg_htp.sql...
    Running /tibero/tibero6/scripts/pkg/pkg_psm_sql_result_cache.sql...
    Running /tibero/tibero6/scripts/pkg/pkg_sys_util.sql...
    Running /tibero/tibero6/scripts/pkg/pkg_tb_utility.sql...
    Running /tibero/tibero6/scripts/pkg/pkg_text.sql...
    Running /tibero/tibero6/scripts/pkg/pkg_tudiconst.sql...
    Running /tibero/tibero6/scripts/pkg/pkg_utl_encode.sql...
    Running /tibero/tibero6/scripts/pkg/pkg_utl_file.sql...
    Running /tibero/tibero6/scripts/pkg/pkg_utl_tcp.sql...
    Running /tibero/tibero6/scripts/pkg/pkg_utl_http.sql...
    Running /tibero/tibero6/scripts/pkg/pkg_utl_url.sql...
    Running /tibero/tibero6/scripts/pkg/pkg_utl_i18n.sql...
    Running /tibero/tibero6/scripts/pkg/pkg_utl_match.sql...
    Running /tibero/tibero6/scripts/pkg/pkg_utl_raw.sql...
    Running /tibero/tibero6/scripts/pkg/pkg_utl_smtp.sql...
    Running /tibero/tibero6/scripts/pkg/pkg_utl_str.sql...
    Running /tibero/tibero6/scripts/pkg/pkg_utl_compress.sql...
    Running /tibero/tibero6/scripts/pkg/pkg_text_japanese_lexer.sql...
    Running /tibero/tibero6/scripts/pkg/pkg_dbms_tpm.sql...
    Running /tibero/tibero6/scripts/pkg/pkg_utl_recomp.sql...
    Running /tibero/tibero6/scripts/pkg/pkg_dbms_monitor.sql...
    Running /tibero/tibero6/scripts/pkg/pkg_dbms_server_alert.sql...
    Running /tibero/tibero6/scripts/pkg/pkg_dbms_ctx_ddl.sql...
    Running /tibero/tibero6/scripts/pkg/pkg_dbms_odci.sql...
    Running /tibero/tibero6/scripts/pkg/pkg_utl_ref.sql...
    Running /tibero/tibero6/scripts/pkg/pkg_owa_util.sql...
    Running /tibero/tibero6/scripts/pkg/pkg_dbms_alert.sql...
    Running /tibero/tibero6/scripts/pkg/pkg_client_internal.sql...
    Running /tibero/tibero6/scripts/pkg/pkg_dbms_xslprocessor.sql...
    Running /tibero/tibero6/scripts/pkg/uda_wm_concat.sql...
    Running /tibero/tibero6/scripts/pkg/pkg_diutil.sql...
    Running /tibero/tibero6/scripts/pkg/pkg_dbms_xmlsave.sql...
    Running /tibero/tibero6/scripts/pkg/pkg_dbms_xmlparser.sql...
    Running /tibero/tibero6/scripts/pkg/pkg_utl_of.sql...
Creating auxiliary tables used in static views...
Creating system tables related to profile...
Creating internal system tables...
Check TPR status..
Stop TPR
Dropping tables used in TPR...
Creating auxiliary tables used in TPR...
Creating static views...
Creating static view descriptions...
Creating objects for sph:
    Running /tibero/tibero6/scripts/iparam_desc_gen.sql...
Creating dynamic performance views...
Creating dynamic performance view descriptions...
Creating package bodies:
    Running /tibero/tibero6/scripts/pkg/_pkg_db2_standard.tbw...
    Running /tibero/tibero6/scripts/pkg/_pkg_dbms_aq.tbw...
    Running /tibero/tibero6/scripts/pkg/_pkg_dbms_aq_utl.tbw...
    Running /tibero/tibero6/scripts/pkg/_pkg_dbms_aqadm.tbw...
    Running /tibero/tibero6/scripts/pkg/_pkg_dbms_assert.tbw...
    Running /tibero/tibero6/scripts/pkg/_pkg_dbms_db2_translator.tbw...
    Running /tibero/tibero6/scripts/pkg/_pkg_dbms_errlog.tbw...
    Running /tibero/tibero6/scripts/pkg/_pkg_dbms_metadata.tbw...
    Running /tibero/tibero6/scripts/pkg/_pkg_dbms_mssql_translator.tbw...
    Running /tibero/tibero6/scripts/pkg/_pkg_dbms_mview.tbw...
    Running /tibero/tibero6/scripts/pkg/_pkg_dbms_mview_refresh_util.tbw...
    Running /tibero/tibero6/scripts/pkg/_pkg_dbms_mview_util.tbw...
    Running /tibero/tibero6/scripts/pkg/_pkg_dbms_redefinition_stats.tbw...
    Running /tibero/tibero6/scripts/pkg/_pkg_dbms_rsrc.tbw...
    Running /tibero/tibero6/scripts/pkg/_pkg_dbms_scheduler.tbw...
    Running /tibero/tibero6/scripts/pkg/_pkg_dbms_session.tbw...
    Running /tibero/tibero6/scripts/pkg/_pkg_dbms_sph.tbw...
    Running /tibero/tibero6/scripts/pkg/_pkg_dbms_sql_analyze.tbw...
    Running /tibero/tibero6/scripts/pkg/_pkg_dbms_sql_translator.tbw...
    Running /tibero/tibero6/scripts/pkg/_pkg_dbms_sqltune.tbw...
    Running /tibero/tibero6/scripts/pkg/_pkg_dbms_stats.tbw...
    Running /tibero/tibero6/scripts/pkg/_pkg_dbms_stats_util.tbw...
    Running /tibero/tibero6/scripts/pkg/_pkg_dbms_utility.tbw...
    Running /tibero/tibero6/scripts/pkg/_pkg_dbms_utl_tb.tbw...
    Running /tibero/tibero6/scripts/pkg/_pkg_dbms_verify.tbw...
    Running /tibero/tibero6/scripts/pkg/_pkg_dbms_workspacemanager.tbw...
    Running /tibero/tibero6/scripts/pkg/_pkg_dbms_xmlgen.tbw...
    Running /tibero/tibero6/scripts/pkg/_pkg_dbms_xplan.tbw...
    Running /tibero/tibero6/scripts/pkg/_pkg_dg_cipher.tbw...
    Running /tibero/tibero6/scripts/pkg/_pkg_htf.tbw...
    Running /tibero/tibero6/scripts/pkg/_pkg_htp.tbw...
    Running /tibero/tibero6/scripts/pkg/_pkg_text.tbw...
    Running /tibero/tibero6/scripts/pkg/_pkg_utl_http.tbw...
    Running /tibero/tibero6/scripts/pkg/_pkg_utl_url.tbw...
    Running /tibero/tibero6/scripts/pkg/_pkg_utl_i18n.tbw...
    Running /tibero/tibero6/scripts/pkg/_pkg_utl_smtp.tbw...
    Running /tibero/tibero6/scripts/pkg/_pkg_text_japanese_lexer.tbw...
    Running /tibero/tibero6/scripts/pkg/_pkg_dbms_tpm.tbw...
    Running /tibero/tibero6/scripts/pkg/_pkg_utl_recomp.tbw...
    Running /tibero/tibero6/scripts/pkg/_pkg_dbms_server_alert.tbw...
    Running /tibero/tibero6/scripts/pkg/_pkg_dbms_xslprocessor.tbw...
    Running /tibero/tibero6/scripts/pkg/_uda_wm_concat.tbw...
    Running /tibero/tibero6/scripts/pkg/_pkg_dbms_xmlparser.tbw...
Creating public synonyms for system packages...
Creating remaining public synonyms for system packages...
Registering dbms_stats job to Job Scheduler...
Creating audit event pacakge...
    Running /tibero/tibero6/scripts/pkg/_pkg_dbms_audit_event.tbw...
Creating packages for TPR...
    Running /tibero/tibero6/scripts/pkg/pkg_dbms_tpr.sql...
    Running /tibero/tibero6/scripts/pkg/_pkg_dbms_tpr.tbw...
    Running /tibero/tibero6/scripts/pkg/_pkg_dbms_apm.tbw...
Start TPR
Create tudi interface
    Running /tibero/tibero6/scripts/odci.sql...
Creating spatial meta tables and views ...
Creating internal system jobs...
Creating Japanese Lexer epa source ...
Creating internal system notice queue ...
Creating sql translator profiles ...
Creating agent table...
Done.
For details, check /tibero/tibero6/instance/testdb/log/system_init.log.

############################################################
# tbis Progress> tbis installation check
############################################################

tibero    23420      1  1 14:38 ?        00:00:00 tbsvr          -t normal -SVR_SID testdb
tibero    23422  23420  0 14:38 ?        00:00:00 tbsvr_MGWP     -t normal -SVR_SID testdb
tibero    23423  23420 65 14:38 ?        00:00:13 tbsvr_FGWP000  -t normal -SVR_SID testdb
tibero    23424  23420  0 14:38 ?        00:00:00 tbsvr_FGWP001  -t normal -SVR_SID testdb
tibero    23425  23420  0 14:38 ?        00:00:00 tbsvr_FGWP002  -t normal -SVR_SID testdb
tibero    23426  23420  0 14:38 ?        00:00:00 tbsvr_FGWP003  -t normal -SVR_SID testdb
tibero    23427  23420  0 14:38 ?        00:00:00 tbsvr_FGWP004  -t normal -SVR_SID testdb
tibero    23428  23420  0 14:38 ?        00:00:00 tbsvr_FGWP005  -t normal -SVR_SID testdb
tibero    23429  23420  0 14:38 ?        00:00:00 tbsvr_FGWP006  -t normal -SVR_SID testdb
tibero    23430  23420  0 14:38 ?        00:00:00 tbsvr_FGWP007  -t normal -SVR_SID testdb
tibero    23431  23420  0 14:38 ?        00:00:00 tbsvr_FGWP008  -t normal -SVR_SID testdb
tibero    23432  23420  0 14:38 ?        00:00:00 tbsvr_FGWP009  -t normal -SVR_SID testdb
tibero    23433  23420  0 14:38 ?        00:00:00 tbsvr_PEWP000  -t normal -SVR_SID testdb
tibero    23434  23420  0 14:38 ?        00:00:00 tbsvr_PEWP001  -t normal -SVR_SID testdb
tibero    23435  23420  0 14:38 ?        00:00:00 tbsvr_PEWP002  -t normal -SVR_SID testdb
tibero    23436  23420  0 14:38 ?        00:00:00 tbsvr_PEWP003  -t normal -SVR_SID testdb
tibero    23437  23420  0 14:38 ?        00:00:00 tbsvr_AGNT     -t normal -SVR_SID testdb
tibero    23438  23420 11 14:38 ?        00:00:02 tbsvr_DBWR     -t normal -SVR_SID testdb
tibero    23439  23420  0 14:38 ?        00:00:00 tbsvr_RCWP     -t normal -SVR_SID testdb

합계 8
drwxr-xr-x. 8 tibero dba   79  9월 19 14:38 client
drwxr-xr-x. 3 tibero dba  250  9월 19 14:38 lib
drwxr-xr-x. 3 tibero dba   22  9월 19 14:38 nls
drwxr-xr-x. 3 tibero dba   45  9월 19 14:38 license
drwxr-xr-x. 2 tibero dba  188  9월 19 14:38 config
drwxr-xr-x. 3 tibero dba   20  9월 19 14:38 instance
drwxr-xr-x. 4 tibero dba 4096  9월 19 14:38 bin
drwxr-xr-x. 3 tibero dba 4096  9월 19 14:38 scripts
drwxr-xr-x. 6 tibero dba   62  9월 19 14:38 database
합계 10244
drwxr-xr-x. 2 tibero dba     4096  9월 19 14:38 system
-rw-------. 1 tibero dba 10485760  9월 19 14:38 tpr_ts.dtf
drwx------. 2 tibero dba        6  9월 19 14:38 java
-rw-------. 1 tibero dba 23150592  9월 19 14:38 /tibero/tibero6/database/tbctl1/c1.ctl
-rw-------. 1 tibero dba 23150592  9월 19 14:38 /tibero/tibero6/database/tbctl2/c2.ctl
합계 30720
-rw-------. 1 tibero dba 31457280  9월 19 14:38 log-t0-r0-s1.arc


############################################################
#  tbis Progress> tbdown
############################################################
# install user : root
# tibero  user : tibero
----------------------------------------------------
 - su - tibero -c "tbdown immediate"
----------------------------------------------------


Tibero instance terminating (IMMEDIATE mode)... /Listener port = 8629
Tibero instance terminating (IMMEDIATE mode)... -Tibero instance terminated (IMMEDIATE mode).              

